<?xml version="1.0" encoding="UTF-8"?>
<coverage generated="1774947044">
  <project timestamp="1774947044" name="Clover Coverage">
    <package name="vardumper\IbexaAutomaticMigrationsBundle\Controller">
      <file name="/home/erik-poehler/Sites/IbexaAutomaticMigrationsBundle/src/Controller/MigrationsController.php">
        <class name="vardumper\IbexaAutomaticMigrationsBundle\Controller\MigrationsController" namespace="vardumper\IbexaAutomaticMigrationsBundle\Controller">
          <metrics complexity="60" methods="6" coveredmethods="0" conditionals="0" coveredconditionals="0" statements="188" coveredstatements="0" elements="194" coveredelements="0"/>
        </class>
        <line num="27" type="method" name="__construct" visibility="public" complexity="1" crap="2" count="0"/>
        <line num="36" type="stmt" count="0"/>
        <line num="39" type="method" name="listAction" visibility="public" complexity="10" crap="110" count="0"/>
        <line num="42" type="stmt" count="0"/>
        <line num="43" type="stmt" count="0"/>
        <line num="44" type="stmt" count="0"/>
        <line num="47" type="stmt" count="0"/>
        <line num="48" type="stmt" count="0"/>
        <line num="49" type="stmt" count="0"/>
        <line num="51" type="stmt" count="0"/>
        <line num="52" type="stmt" count="0"/>
        <line num="55" type="stmt" count="0"/>
        <line num="56" type="stmt" count="0"/>
        <line num="57" type="stmt" count="0"/>
        <line num="58" type="stmt" count="0"/>
        <line num="59" type="stmt" count="0"/>
        <line num="63" type="stmt" count="0"/>
        <line num="64" type="stmt" count="0"/>
        <line num="65" type="stmt" count="0"/>
        <line num="66" type="stmt" count="0"/>
        <line num="68" type="stmt" count="0"/>
        <line num="69" type="stmt" count="0"/>
        <line num="70" type="stmt" count="0"/>
        <line num="71" type="stmt" count="0"/>
        <line num="72" type="stmt" count="0"/>
        <line num="73" type="stmt" count="0"/>
        <line num="75" type="stmt" count="0"/>
        <line num="77" type="stmt" count="0"/>
        <line num="78" type="stmt" count="0"/>
        <line num="79" type="stmt" count="0"/>
        <line num="80" type="stmt" count="0"/>
        <line num="82" type="stmt" count="0"/>
        <line num="83" type="stmt" count="0"/>
        <line num="84" type="stmt" count="0"/>
        <line num="85" type="stmt" count="0"/>
        <line num="86" type="stmt" count="0"/>
        <line num="87" type="stmt" count="0"/>
        <line num="89" type="stmt" count="0"/>
        <line num="91" type="stmt" count="0"/>
        <line num="93" type="stmt" count="0"/>
        <line num="97" type="stmt" count="0"/>
        <line num="98" type="stmt" count="0"/>
        <line num="99" type="stmt" count="0"/>
        <line num="101" type="stmt" count="0"/>
        <line num="102" type="stmt" count="0"/>
        <line num="104" type="stmt" count="0"/>
        <line num="105" type="stmt" count="0"/>
        <line num="107" type="stmt" count="0"/>
        <line num="108" type="stmt" count="0"/>
        <line num="109" type="stmt" count="0"/>
        <line num="110" type="stmt" count="0"/>
        <line num="111" type="stmt" count="0"/>
        <line num="112" type="stmt" count="0"/>
        <line num="113" type="stmt" count="0"/>
        <line num="114" type="stmt" count="0"/>
        <line num="115" type="stmt" count="0"/>
        <line num="118" type="method" name="settingsAction" visibility="public" complexity="2" crap="6" count="0"/>
        <line num="121" type="stmt" count="0"/>
        <line num="123" type="stmt" count="0"/>
        <line num="124" type="stmt" count="0"/>
        <line num="125" type="stmt" count="0"/>
        <line num="126" type="stmt" count="0"/>
        <line num="127" type="stmt" count="0"/>
        <line num="128" type="stmt" count="0"/>
        <line num="129" type="stmt" count="0"/>
        <line num="130" type="stmt" count="0"/>
        <line num="131" type="stmt" count="0"/>
        <line num="132" type="stmt" count="0"/>
        <line num="133" type="stmt" count="0"/>
        <line num="134" type="stmt" count="0"/>
        <line num="136" type="stmt" count="0"/>
        <line num="138" type="stmt" count="0"/>
        <line num="140" type="stmt" count="0"/>
        <line num="143" type="stmt" count="0"/>
        <line num="144" type="stmt" count="0"/>
        <line num="145" type="stmt" count="0"/>
        <line num="148" type="method" name="getSortValue" visibility="private" complexity="8" crap="72" count="0"/>
        <line num="150" type="stmt" count="0"/>
        <line num="151" type="stmt" count="0"/>
        <line num="152" type="stmt" count="0"/>
        <line num="153" type="stmt" count="0"/>
        <line num="154" type="stmt" count="0"/>
        <line num="155" type="stmt" count="0"/>
        <line num="156" type="stmt" count="0"/>
        <line num="162" type="method" name="getKaliopMigrationsWithStatus" visibility="private" complexity="7" crap="56" count="0"/>
        <line num="164" type="stmt" count="0"/>
        <line num="165" type="stmt" count="0"/>
        <line num="166" type="stmt" count="0"/>
        <line num="168" type="stmt" count="0"/>
        <line num="169" type="stmt" count="0"/>
        <line num="170" type="stmt" count="0"/>
        <line num="171" type="stmt" count="0"/>
        <line num="173" type="stmt" count="0"/>
        <line num="178" type="stmt" count="0"/>
        <line num="179" type="stmt" count="0"/>
        <line num="180" type="stmt" count="0"/>
        <line num="181" type="stmt" count="0"/>
        <line num="182" type="stmt" count="0"/>
        <line num="183" type="stmt" count="0"/>
        <line num="184" type="stmt" count="0"/>
        <line num="185" type="stmt" count="0"/>
        <line num="186" type="stmt" count="0"/>
        <line num="187" type="stmt" count="0"/>
        <line num="190" type="stmt" count="0"/>
        <line num="191" type="stmt" count="0"/>
        <line num="192" type="stmt" count="0"/>
        <line num="193" type="stmt" count="0"/>
        <line num="194" type="stmt" count="0"/>
        <line num="195" type="stmt" count="0"/>
        <line num="197" type="stmt" count="0"/>
        <line num="200" type="method" name="handleBulkAction" visibility="private" complexity="32" crap="1056" count="0"/>
        <line num="202" type="stmt" count="0"/>
        <line num="203" type="stmt" count="0"/>
        <line num="204" type="stmt" count="0"/>
        <line num="205" type="stmt" count="0"/>
        <line num="206" type="stmt" count="0"/>
        <line num="207" type="stmt" count="0"/>
        <line num="211" type="stmt" count="0"/>
        <line num="212" type="stmt" count="0"/>
        <line num="214" type="stmt" count="0"/>
        <line num="215" type="stmt" count="0"/>
        <line num="217" type="stmt" count="0"/>
        <line num="220" type="stmt" count="0"/>
        <line num="222" type="stmt" count="0"/>
        <line num="223" type="stmt" count="0"/>
        <line num="224" type="stmt" count="0"/>
        <line num="225" type="stmt" count="0"/>
        <line num="226" type="stmt" count="0"/>
        <line num="228" type="stmt" count="0"/>
        <line num="230" type="stmt" count="0"/>
        <line num="231" type="stmt" count="0"/>
        <line num="232" type="stmt" count="0"/>
        <line num="233" type="stmt" count="0"/>
        <line num="234" type="stmt" count="0"/>
        <line num="235" type="stmt" count="0"/>
        <line num="237" type="stmt" count="0"/>
        <line num="238" type="stmt" count="0"/>
        <line num="243" type="stmt" count="0"/>
        <line num="245" type="stmt" count="0"/>
        <line num="246" type="stmt" count="0"/>
        <line num="247" type="stmt" count="0"/>
        <line num="248" type="stmt" count="0"/>
        <line num="249" type="stmt" count="0"/>
        <line num="250" type="stmt" count="0"/>
        <line num="252" type="stmt" count="0"/>
        <line num="253" type="stmt" count="0"/>
        <line num="258" type="stmt" count="0"/>
        <line num="261" type="stmt" count="0"/>
        <line num="262" type="stmt" count="0"/>
        <line num="263" type="stmt" count="0"/>
        <line num="265" type="stmt" count="0"/>
        <line num="266" type="stmt" count="0"/>
        <line num="267" type="stmt" count="0"/>
        <line num="268" type="stmt" count="0"/>
        <line num="269" type="stmt" count="0"/>
        <line num="270" type="stmt" count="0"/>
        <line num="271" type="stmt" count="0"/>
        <line num="272" type="stmt" count="0"/>
        <line num="273" type="stmt" count="0"/>
        <line num="274" type="stmt" count="0"/>
        <line num="275" type="stmt" count="0"/>
        <line num="276" type="stmt" count="0"/>
        <line num="277" type="stmt" count="0"/>
        <line num="278" type="stmt" count="0"/>
        <line num="280" type="stmt" count="0"/>
        <line num="281" type="stmt" count="0"/>
        <line num="282" type="stmt" count="0"/>
        <line num="283" type="stmt" count="0"/>
        <line num="284" type="stmt" count="0"/>
        <line num="285" type="stmt" count="0"/>
        <line num="287" type="stmt" count="0"/>
        <line num="288" type="stmt" count="0"/>
        <line num="290" type="stmt" count="0"/>
        <line num="291" type="stmt" count="0"/>
        <line num="292" type="stmt" count="0"/>
        <line num="293" type="stmt" count="0"/>
        <line num="294" type="stmt" count="0"/>
        <line num="295" type="stmt" count="0"/>
        <line num="296" type="stmt" count="0"/>
        <line num="297" type="stmt" count="0"/>
        <line num="299" type="stmt" count="0"/>
        <line num="300" type="stmt" count="0"/>
        <line num="301" type="stmt" count="0"/>
        <line num="302" type="stmt" count="0"/>
        <line num="303" type="stmt" count="0"/>
        <line num="304" type="stmt" count="0"/>
        <line num="305" type="stmt" count="0"/>
        <line num="307" type="stmt" count="0"/>
        <line num="308" type="stmt" count="0"/>
        <line num="309" type="stmt" count="0"/>
        <line num="310" type="stmt" count="0"/>
        <line num="311" type="stmt" count="0"/>
        <line num="312" type="stmt" count="0"/>
        <line num="314" type="stmt" count="0"/>
        <metrics loc="320" ncloc="303" classes="1" methods="6" coveredmethods="0" conditionals="0" coveredconditionals="0" statements="188" coveredstatements="0" elements="194" coveredelements="0"/>
      </file>
    </package>
    <package name="vardumper\IbexaAutomaticMigrationsBundle\DependencyInjection\Compiler">
      <file name="/home/erik-poehler/Sites/IbexaAutomaticMigrationsBundle/src/DependencyInjection/Compiler/ReplaceContentTypeServicePass.php">
        <class name="vardumper\IbexaAutomaticMigrationsBundle\DependencyInjection\Compiler\ReplaceContentTypeServicePass" namespace="vardumper\IbexaAutomaticMigrationsBundle\DependencyInjection\Compiler">
          <metrics complexity="4" methods="1" coveredmethods="0" conditionals="0" coveredconditionals="0" statements="5" coveredstatements="3" elements="6" coveredelements="3"/>
        </class>
        <line num="12" type="method" name="process" visibility="public" complexity="4" crap="5.02" count="1"/>
        <line num="14" type="stmt" count="1"/>
        <line num="15" type="stmt" count="1"/>
        <line num="16" type="stmt" count="1"/>
        <line num="17" type="stmt" count="0"/>
        <line num="18" type="stmt" count="0"/>
        <metrics loc="21" ncloc="20" classes="1" methods="1" coveredmethods="0" conditionals="0" coveredconditionals="0" statements="5" coveredstatements="3" elements="6" coveredelements="3"/>
      </file>
    </package>
    <package name="vardumper\IbexaAutomaticMigrationsBundle\DependencyInjection">
      <file name="/home/erik-poehler/Sites/IbexaAutomaticMigrationsBundle/src/DependencyInjection/Configuration.php">
        <class name="vardumper\IbexaAutomaticMigrationsBundle\DependencyInjection\Configuration" namespace="vardumper\IbexaAutomaticMigrationsBundle\DependencyInjection">
          <metrics complexity="1" methods="1" coveredmethods="1" conditionals="0" coveredconditionals="0" statements="48" coveredstatements="48" elements="49" coveredelements="49"/>
        </class>
        <line num="12" type="method" name="getConfigTreeBuilder" visibility="public" complexity="1" crap="1" count="18"/>
        <line num="14" type="stmt" count="18"/>
        <line num="15" type="stmt" count="18"/>
        <line num="17" type="stmt" count="18"/>
        <line num="18" type="stmt" count="18"/>
        <line num="19" type="stmt" count="18"/>
        <line num="20" type="stmt" count="18"/>
        <line num="21" type="stmt" count="18"/>
        <line num="22" type="stmt" count="18"/>
        <line num="23" type="stmt" count="18"/>
        <line num="24" type="stmt" count="18"/>
        <line num="25" type="stmt" count="18"/>
        <line num="26" type="stmt" count="18"/>
        <line num="27" type="stmt" count="18"/>
        <line num="28" type="stmt" count="18"/>
        <line num="29" type="stmt" count="18"/>
        <line num="30" type="stmt" count="18"/>
        <line num="31" type="stmt" count="18"/>
        <line num="32" type="stmt" count="18"/>
        <line num="33" type="stmt" count="18"/>
        <line num="34" type="stmt" count="18"/>
        <line num="35" type="stmt" count="18"/>
        <line num="36" type="stmt" count="18"/>
        <line num="37" type="stmt" count="18"/>
        <line num="38" type="stmt" count="18"/>
        <line num="39" type="stmt" count="18"/>
        <line num="40" type="stmt" count="18"/>
        <line num="41" type="stmt" count="18"/>
        <line num="42" type="stmt" count="18"/>
        <line num="43" type="stmt" count="18"/>
        <line num="44" type="stmt" count="18"/>
        <line num="45" type="stmt" count="18"/>
        <line num="46" type="stmt" count="18"/>
        <line num="47" type="stmt" count="18"/>
        <line num="48" type="stmt" count="18"/>
        <line num="49" type="stmt" count="18"/>
        <line num="50" type="stmt" count="18"/>
        <line num="51" type="stmt" count="18"/>
        <line num="52" type="stmt" count="18"/>
        <line num="53" type="stmt" count="18"/>
        <line num="54" type="stmt" count="18"/>
        <line num="55" type="stmt" count="18"/>
        <line num="56" type="stmt" count="18"/>
        <line num="57" type="stmt" count="18"/>
        <line num="58" type="stmt" count="18"/>
        <line num="59" type="stmt" count="18"/>
        <line num="60" type="stmt" count="18"/>
        <line num="61" type="stmt" count="18"/>
        <line num="63" type="stmt" count="18"/>
        <metrics loc="66" ncloc="66" classes="1" methods="1" coveredmethods="1" conditionals="0" coveredconditionals="0" statements="48" coveredstatements="48" elements="49" coveredelements="49"/>
      </file>
      <file name="/home/erik-poehler/Sites/IbexaAutomaticMigrationsBundle/src/DependencyInjection/IbexaAutomaticMigrationsExtension.php">
        <class name="vardumper\IbexaAutomaticMigrationsBundle\DependencyInjection\IbexaAutomaticMigrationsExtension" namespace="vardumper\IbexaAutomaticMigrationsBundle\DependencyInjection">
          <metrics complexity="2" methods="2" coveredmethods="2" conditionals="0" coveredconditionals="0" statements="11" coveredstatements="11" elements="13" coveredelements="13"/>
        </class>
        <line num="14" type="method" name="load" visibility="public" complexity="1" crap="1" count="2"/>
        <line num="16" type="stmt" count="2"/>
        <line num="17" type="stmt" count="2"/>
        <line num="19" type="stmt" count="2"/>
        <line num="20" type="stmt" count="2"/>
        <line num="22" type="stmt" count="2"/>
        <line num="23" type="stmt" count="2"/>
        <line num="26" type="method" name="prepend" visibility="public" complexity="1" crap="1" count="2"/>
        <line num="28" type="stmt" count="2"/>
        <line num="29" type="stmt" count="2"/>
        <line num="30" type="stmt" count="2"/>
        <line num="31" type="stmt" count="2"/>
        <line num="32" type="stmt" count="2"/>
        <metrics loc="35" ncloc="35" classes="1" methods="2" coveredmethods="2" conditionals="0" coveredconditionals="0" statements="11" coveredstatements="11" elements="13" coveredelements="13"/>
      </file>
    </package>
    <package name="vardumper\IbexaAutomaticMigrationsBundle\EventListener">
      <file name="/home/erik-poehler/Sites/IbexaAutomaticMigrationsBundle/src/EventListener/ContentListener.php">
        <class name="vardumper\IbexaAutomaticMigrationsBundle\EventListener\ContentListener" namespace="vardumper\IbexaAutomaticMigrationsBundle\EventListener">
          <metrics complexity="33" methods="4" coveredmethods="1" conditionals="0" coveredconditionals="0" statements="105" coveredstatements="69" elements="109" coveredelements="70"/>
        </class>
        <line num="28" type="method" name="__construct" visibility="public" complexity="3" crap="3" count="11"/>
        <line num="37" type="stmt" count="11"/>
        <line num="38" type="stmt" count="11"/>
        <line num="39" type="stmt" count="11"/>
        <line num="40" type="stmt" count="11"/>
        <line num="41" type="stmt" count="11"/>
        <line num="42" type="stmt" count="11"/>
        <line num="43" type="stmt" count="11"/>
        <line num="44" type="stmt" count="11"/>
        <line num="45" type="stmt" count="11"/>
        <line num="49" type="method" name="onPublished" visibility="public" complexity="5" crap="5.20" count="8"/>
        <line num="52" type="stmt" count="8"/>
        <line num="53" type="stmt" count="2"/>
        <line num="56" type="stmt" count="6"/>
        <line num="58" type="stmt" count="6"/>
        <line num="59" type="stmt" count="1"/>
        <line num="61" type="stmt" count="5"/>
        <line num="62" type="stmt" count="0"/>
        <line num="63" type="stmt" count="0"/>
        <line num="65" type="stmt" count="5"/>
        <line num="66" type="stmt" count="5"/>
        <line num="69" type="method" name="onBeforeDeleted" visibility="public" complexity="4" crap="4.59" count="2"/>
        <line num="72" type="stmt" count="2"/>
        <line num="73" type="stmt" count="1"/>
        <line num="76" type="stmt" count="1"/>
        <line num="78" type="stmt" count="1"/>
        <line num="79" type="stmt" count="0"/>
        <line num="81" type="stmt" count="1"/>
        <line num="82" type="stmt" count="0"/>
        <line num="83" type="stmt" count="0"/>
        <line num="86" type="stmt" count="1"/>
        <line num="89" type="method" name="generateMigration" visibility="private" complexity="21" crap="49.78" count="6"/>
        <line num="92" type="stmt" count="6"/>
        <line num="93" type="stmt" count="6"/>
        <line num="94" type="stmt" count="6"/>
        <line num="95" type="stmt" count="6"/>
        <line num="97" type="stmt" count="6"/>
        <line num="98" type="stmt" count="5"/>
        <line num="99" type="stmt" count="5"/>
        <line num="100" type="stmt" count="5"/>
        <line num="101" type="stmt" count="5"/>
        <line num="102" type="stmt" count="5"/>
        <line num="103" type="stmt" count="5"/>
        <line num="104" type="stmt" count="5"/>
        <line num="105" type="stmt" count="5"/>
        <line num="106" type="stmt" count="5"/>
        <line num="107" type="stmt" count="5"/>
        <line num="108" type="stmt" count="1"/>
        <line num="109" type="stmt" count="1"/>
        <line num="110" type="stmt" count="1"/>
        <line num="111" type="stmt" count="1"/>
        <line num="112" type="stmt" count="1"/>
        <line num="113" type="stmt" count="1"/>
        <line num="114" type="stmt" count="1"/>
        <line num="115" type="stmt" count="1"/>
        <line num="116" type="stmt" count="1"/>
        <line num="117" type="stmt" count="1"/>
        <line num="118" type="stmt" count="1"/>
        <line num="120" type="stmt" count="0"/>
        <line num="121" type="stmt" count="0"/>
        <line num="124" type="stmt" count="6"/>
        <line num="125" type="stmt" count="6"/>
        <line num="126" type="stmt" count="6"/>
        <line num="127" type="stmt" count="6"/>
        <line num="130" type="stmt" count="6"/>
        <line num="131" type="stmt" count="6"/>
        <line num="132" type="stmt" count="5"/>
        <line num="134" type="stmt" count="6"/>
        <line num="135" type="stmt" count="6"/>
        <line num="136" type="stmt" count="6"/>
        <line num="138" type="stmt" count="6"/>
        <line num="139" type="stmt" count="1"/>
        <line num="140" type="stmt" count="0"/>
        <line num="142" type="stmt" count="1"/>
        <line num="143" type="stmt" count="1"/>
        <line num="144" type="stmt" count="1"/>
        <line num="145" type="stmt" count="1"/>
        <line num="146" type="stmt" count="0"/>
        <line num="147" type="stmt" count="0"/>
        <line num="148" type="stmt" count="0"/>
        <line num="149" type="stmt" count="0"/>
        <line num="152" type="stmt" count="1"/>
        <line num="153" type="stmt" count="0"/>
        <line num="155" type="stmt" count="1"/>
        <line num="156" type="stmt" count="1"/>
        <line num="160" type="stmt" count="0"/>
        <line num="163" type="stmt" count="0"/>
        <line num="164" type="stmt" count="0"/>
        <line num="165" type="stmt" count="0"/>
        <line num="166" type="stmt" count="0"/>
        <line num="167" type="stmt" count="0"/>
        <line num="168" type="stmt" count="0"/>
        <line num="169" type="stmt" count="0"/>
        <line num="171" type="stmt" count="0"/>
        <line num="172" type="stmt" count="0"/>
        <line num="173" type="stmt" count="0"/>
        <line num="174" type="stmt" count="0"/>
        <line num="175" type="stmt" count="0"/>
        <line num="176" type="stmt" count="0"/>
        <line num="177" type="stmt" count="0"/>
        <line num="178" type="stmt" count="0"/>
        <line num="179" type="stmt" count="0"/>
        <line num="180" type="stmt" count="0"/>
        <line num="183" type="stmt" count="0"/>
        <line num="184" type="stmt" count="0"/>
        <line num="185" type="stmt" count="0"/>
        <line num="188" type="stmt" count="5"/>
        <line num="190" type="stmt" count="0"/>
        <line num="191" type="stmt" count="0"/>
        <metrics loc="195" ncloc="194" classes="1" methods="4" coveredmethods="1" conditionals="0" coveredconditionals="0" statements="105" coveredstatements="69" elements="109" coveredelements="70"/>
      </file>
      <file name="/home/erik-poehler/Sites/IbexaAutomaticMigrationsBundle/src/EventListener/ContentTypeGroupListener.php">
        <class name="vardumper\IbexaAutomaticMigrationsBundle\EventListener\ContentTypeGroupListener" namespace="vardumper\IbexaAutomaticMigrationsBundle\EventListener">
          <metrics complexity="71" methods="4" coveredmethods="1" conditionals="0" coveredconditionals="0" statements="249" coveredstatements="175" elements="253" coveredelements="176"/>
        </class>
        <line num="32" type="method" name="__construct" visibility="public" complexity="3" crap="3" count="20"/>
        <line num="41" type="stmt" count="20"/>
        <line num="42" type="stmt" count="20"/>
        <line num="43" type="stmt" count="20"/>
        <line num="44" type="stmt" count="20"/>
        <line num="45" type="stmt" count="20"/>
        <line num="46" type="stmt" count="20"/>
        <line num="47" type="stmt" count="20"/>
        <line num="48" type="stmt" count="18"/>
        <line num="52" type="method" name="onCreated" visibility="public" complexity="26" crap="51.86" count="9"/>
        <line num="55" type="stmt" count="9"/>
        <line num="56" type="stmt" count="9"/>
        <line num="57" type="stmt" count="4"/>
        <line num="60" type="stmt" count="5"/>
        <line num="61" type="stmt" count="0"/>
        <line num="65" type="stmt" count="5"/>
        <line num="66" type="stmt" count="5"/>
        <line num="67" type="stmt" count="5"/>
        <line num="68" type="stmt" count="5"/>
        <line num="70" type="stmt" count="5"/>
        <line num="71" type="stmt" count="0"/>
        <line num="72" type="stmt" count="0"/>
        <line num="73" type="stmt" count="0"/>
        <line num="74" type="stmt" count="0"/>
        <line num="75" type="stmt" count="0"/>
        <line num="76" type="stmt" count="0"/>
        <line num="77" type="stmt" count="0"/>
        <line num="78" type="stmt" count="0"/>
        <line num="79" type="stmt" count="0"/>
        <line num="80" type="stmt" count="0"/>
        <line num="82" type="stmt" count="5"/>
        <line num="83" type="stmt" count="5"/>
        <line num="84" type="stmt" count="5"/>
        <line num="85" type="stmt" count="5"/>
        <line num="86" type="stmt" count="5"/>
        <line num="87" type="stmt" count="5"/>
        <line num="88" type="stmt" count="5"/>
        <line num="89" type="stmt" count="5"/>
        <line num="90" type="stmt" count="5"/>
        <line num="91" type="stmt" count="5"/>
        <line num="94" type="stmt" count="5"/>
        <line num="95" type="stmt" count="5"/>
        <line num="96" type="stmt" count="5"/>
        <line num="97" type="stmt" count="5"/>
        <line num="101" type="stmt" count="5"/>
        <line num="102" type="stmt" count="5"/>
        <line num="103" type="stmt" count="5"/>
        <line num="106" type="stmt" count="5"/>
        <line num="107" type="stmt" count="5"/>
        <line num="108" type="stmt" count="5"/>
        <line num="110" type="stmt" count="5"/>
        <line num="111" type="stmt" count="2"/>
        <line num="112" type="stmt" count="0"/>
        <line num="115" type="stmt" count="2"/>
        <line num="116" type="stmt" count="2"/>
        <line num="117" type="stmt" count="2"/>
        <line num="118" type="stmt" count="2"/>
        <line num="119" type="stmt" count="1"/>
        <line num="120" type="stmt" count="1"/>
        <line num="121" type="stmt" count="1"/>
        <line num="122" type="stmt" count="1"/>
        <line num="125" type="stmt" count="2"/>
        <line num="126" type="stmt" count="1"/>
        <line num="127" type="stmt" count="1"/>
        <line num="129" type="stmt" count="1"/>
        <line num="130" type="stmt" count="1"/>
        <line num="133" type="stmt" count="1"/>
        <line num="134" type="stmt" count="1"/>
        <line num="135" type="stmt" count="0"/>
        <line num="137" type="stmt" count="1"/>
        <line num="139" type="stmt" count="1"/>
        <line num="140" type="stmt" count="1"/>
        <line num="142" type="stmt" count="1"/>
        <line num="143" type="stmt" count="1"/>
        <line num="144" type="stmt" count="0"/>
        <line num="145" type="stmt" count="0"/>
        <line num="146" type="stmt" count="0"/>
        <line num="147" type="stmt" count="0"/>
        <line num="148" type="stmt" count="0"/>
        <line num="149" type="stmt" count="0"/>
        <line num="150" type="stmt" count="0"/>
        <line num="151" type="stmt" count="0"/>
        <line num="153" type="stmt" count="0"/>
        <line num="155" type="stmt" count="1"/>
        <line num="156" type="stmt" count="1"/>
        <line num="157" type="stmt" count="1"/>
        <line num="158" type="stmt" count="1"/>
        <line num="159" type="stmt" count="1"/>
        <line num="160" type="stmt" count="1"/>
        <line num="161" type="stmt" count="1"/>
        <line num="162" type="stmt" count="1"/>
        <line num="163" type="stmt" count="0"/>
        <line num="165" type="stmt" count="0"/>
        <line num="166" type="stmt" count="0"/>
        <line num="167" type="stmt" count="0"/>
        <line num="168" type="stmt" count="0"/>
        <line num="169" type="stmt" count="0"/>
        <line num="172" type="stmt" count="0"/>
        <line num="173" type="stmt" count="1"/>
        <line num="174" type="stmt" count="4"/>
        <line num="177" type="stmt" count="0"/>
        <line num="178" type="stmt" count="0"/>
        <line num="182" type="method" name="onUpdated" visibility="public" complexity="26" crap="36.23" count="6"/>
        <line num="185" type="stmt" count="6"/>
        <line num="186" type="stmt" count="6"/>
        <line num="187" type="stmt" count="1"/>
        <line num="190" type="stmt" count="5"/>
        <line num="191" type="stmt" count="0"/>
        <line num="193" type="stmt" count="5"/>
        <line num="196" type="stmt" count="5"/>
        <line num="197" type="stmt" count="5"/>
        <line num="198" type="stmt" count="5"/>
        <line num="199" type="stmt" count="5"/>
        <line num="201" type="stmt" count="5"/>
        <line num="202" type="stmt" count="1"/>
        <line num="203" type="stmt" count="1"/>
        <line num="204" type="stmt" count="1"/>
        <line num="205" type="stmt" count="1"/>
        <line num="206" type="stmt" count="1"/>
        <line num="207" type="stmt" count="1"/>
        <line num="208" type="stmt" count="1"/>
        <line num="209" type="stmt" count="1"/>
        <line num="210" type="stmt" count="1"/>
        <line num="211" type="stmt" count="1"/>
        <line num="213" type="stmt" count="4"/>
        <line num="214" type="stmt" count="4"/>
        <line num="215" type="stmt" count="4"/>
        <line num="216" type="stmt" count="4"/>
        <line num="217" type="stmt" count="4"/>
        <line num="218" type="stmt" count="4"/>
        <line num="219" type="stmt" count="4"/>
        <line num="220" type="stmt" count="4"/>
        <line num="221" type="stmt" count="4"/>
        <line num="222" type="stmt" count="4"/>
        <line num="225" type="stmt" count="5"/>
        <line num="226" type="stmt" count="5"/>
        <line num="227" type="stmt" count="5"/>
        <line num="228" type="stmt" count="5"/>
        <line num="232" type="stmt" count="5"/>
        <line num="233" type="stmt" count="5"/>
        <line num="234" type="stmt" count="4"/>
        <line num="237" type="stmt" count="5"/>
        <line num="238" type="stmt" count="5"/>
        <line num="239" type="stmt" count="5"/>
        <line num="241" type="stmt" count="5"/>
        <line num="242" type="stmt" count="1"/>
        <line num="243" type="stmt" count="0"/>
        <line num="246" type="stmt" count="1"/>
        <line num="247" type="stmt" count="1"/>
        <line num="248" type="stmt" count="1"/>
        <line num="249" type="stmt" count="1"/>
        <line num="250" type="stmt" count="1"/>
        <line num="251" type="stmt" count="1"/>
        <line num="252" type="stmt" count="1"/>
        <line num="253" type="stmt" count="1"/>
        <line num="256" type="stmt" count="1"/>
        <line num="257" type="stmt" count="1"/>
        <line num="258" type="stmt" count="1"/>
        <line num="260" type="stmt" count="0"/>
        <line num="261" type="stmt" count="0"/>
        <line num="264" type="stmt" count="1"/>
        <line num="265" type="stmt" count="1"/>
        <line num="266" type="stmt" count="0"/>
        <line num="268" type="stmt" count="1"/>
        <line num="270" type="stmt" count="1"/>
        <line num="271" type="stmt" count="1"/>
        <line num="273" type="stmt" count="1"/>
        <line num="274" type="stmt" count="1"/>
        <line num="275" type="stmt" count="0"/>
        <line num="276" type="stmt" count="0"/>
        <line num="277" type="stmt" count="0"/>
        <line num="278" type="stmt" count="0"/>
        <line num="279" type="stmt" count="0"/>
        <line num="280" type="stmt" count="0"/>
        <line num="281" type="stmt" count="0"/>
        <line num="282" type="stmt" count="0"/>
        <line num="284" type="stmt" count="0"/>
        <line num="286" type="stmt" count="1"/>
        <line num="287" type="stmt" count="1"/>
        <line num="288" type="stmt" count="1"/>
        <line num="289" type="stmt" count="1"/>
        <line num="290" type="stmt" count="1"/>
        <line num="291" type="stmt" count="1"/>
        <line num="292" type="stmt" count="1"/>
        <line num="293" type="stmt" count="1"/>
        <line num="294" type="stmt" count="0"/>
        <line num="296" type="stmt" count="0"/>
        <line num="297" type="stmt" count="0"/>
        <line num="298" type="stmt" count="0"/>
        <line num="299" type="stmt" count="0"/>
        <line num="300" type="stmt" count="0"/>
        <line num="303" type="stmt" count="0"/>
        <line num="304" type="stmt" count="1"/>
        <line num="305" type="stmt" count="5"/>
        <line num="308" type="stmt" count="0"/>
        <line num="309" type="stmt" count="0"/>
        <line num="313" type="method" name="onDeleted" visibility="public" complexity="16" crap="27.66" count="4"/>
        <line num="316" type="stmt" count="4"/>
        <line num="317" type="stmt" count="4"/>
        <line num="318" type="stmt" count="1"/>
        <line num="321" type="stmt" count="3"/>
        <line num="322" type="stmt" count="0"/>
        <line num="324" type="stmt" count="3"/>
        <line num="327" type="stmt" count="3"/>
        <line num="328" type="stmt" count="3"/>
        <line num="331" type="stmt" count="3"/>
        <line num="332" type="stmt" count="3"/>
        <line num="333" type="stmt" count="3"/>
        <line num="334" type="stmt" count="3"/>
        <line num="335" type="stmt" count="3"/>
        <line num="336" type="stmt" count="3"/>
        <line num="337" type="stmt" count="3"/>
        <line num="338" type="stmt" count="3"/>
        <line num="339" type="stmt" count="3"/>
        <line num="340" type="stmt" count="3"/>
        <line num="341" type="stmt" count="3"/>
        <line num="342" type="stmt" count="3"/>
        <line num="343" type="stmt" count="3"/>
        <line num="344" type="stmt" count="3"/>
        <line num="345" type="stmt" count="3"/>
        <line num="346" type="stmt" count="0"/>
        <line num="350" type="stmt" count="3"/>
        <line num="351" type="stmt" count="3"/>
        <line num="352" type="stmt" count="3"/>
        <line num="353" type="stmt" count="3"/>
        <line num="354" type="stmt" count="0"/>
        <line num="355" type="stmt" count="0"/>
        <line num="356" type="stmt" count="0"/>
        <line num="357" type="stmt" count="0"/>
        <line num="358" type="stmt" count="0"/>
        <line num="359" type="stmt" count="0"/>
        <line num="360" type="stmt" count="0"/>
        <line num="361" type="stmt" count="0"/>
        <line num="363" type="stmt" count="0"/>
        <line num="365" type="stmt" count="3"/>
        <line num="366" type="stmt" count="3"/>
        <line num="367" type="stmt" count="3"/>
        <line num="368" type="stmt" count="3"/>
        <line num="369" type="stmt" count="3"/>
        <line num="370" type="stmt" count="3"/>
        <line num="371" type="stmt" count="3"/>
        <line num="372" type="stmt" count="3"/>
        <line num="373" type="stmt" count="0"/>
        <line num="375" type="stmt" count="0"/>
        <line num="376" type="stmt" count="0"/>
        <line num="377" type="stmt" count="0"/>
        <line num="378" type="stmt" count="0"/>
        <line num="379" type="stmt" count="0"/>
        <line num="382" type="stmt" count="0"/>
        <line num="383" type="stmt" count="3"/>
        <line num="384" type="stmt" count="3"/>
        <line num="386" type="stmt" count="0"/>
        <line num="387" type="stmt" count="0"/>
        <metrics loc="391" ncloc="378" classes="1" methods="4" coveredmethods="1" conditionals="0" coveredconditionals="0" statements="249" coveredstatements="175" elements="253" coveredelements="176"/>
      </file>
      <file name="/home/erik-poehler/Sites/IbexaAutomaticMigrationsBundle/src/EventListener/ContentTypeListener.php">
        <class name="vardumper\IbexaAutomaticMigrationsBundle\EventListener\ContentTypeListener" namespace="vardumper\IbexaAutomaticMigrationsBundle\EventListener">
          <metrics complexity="38" methods="5" coveredmethods="1" conditionals="0" coveredconditionals="0" statements="172" coveredstatements="134" elements="177" coveredelements="135"/>
        </class>
        <line num="27" type="method" name="__construct" visibility="public" complexity="3" crap="3" count="16"/>
        <line num="35" type="stmt" count="16"/>
        <line num="36" type="stmt" count="16"/>
        <line num="37" type="stmt" count="16"/>
        <line num="38" type="stmt" count="16"/>
        <line num="39" type="stmt" count="16"/>
        <line num="40" type="stmt" count="16"/>
        <line num="41" type="stmt" count="16"/>
        <line num="42" type="stmt" count="16"/>
        <line num="43" type="stmt" count="15"/>
        <line num="47" type="method" name="onIbexaPublishContentTypeDraft" visibility="public" complexity="5" crap="5.02" count="9"/>
        <line num="50" type="stmt" count="9"/>
        <line num="51" type="stmt" count="9"/>
        <line num="52" type="stmt" count="2"/>
        <line num="53" type="stmt" count="2"/>
        <line num="55" type="stmt" count="7"/>
        <line num="58" type="stmt" count="7"/>
        <line num="59" type="stmt" count="0"/>
        <line num="60" type="stmt" count="0"/>
        <line num="63" type="stmt" count="7"/>
        <line num="64" type="stmt" count="7"/>
        <line num="67" type="stmt" count="7"/>
        <line num="69" type="stmt" count="7"/>
        <line num="70" type="stmt" count="2"/>
        <line num="74" type="stmt" count="2"/>
        <line num="75" type="stmt" count="2"/>
        <line num="77" type="stmt" count="2"/>
        <line num="78" type="stmt" count="2"/>
        <line num="79" type="stmt" count="2"/>
        <line num="80" type="stmt" count="2"/>
        <line num="81" type="stmt" count="2"/>
        <line num="84" type="stmt" count="2"/>
        <line num="85" type="stmt" count="5"/>
        <line num="86" type="stmt" count="5"/>
        <line num="90" type="method" name="onIbexaBeforeDeleteContentType" visibility="public" complexity="3" crap="3.05" count="5"/>
        <line num="93" type="stmt" count="5"/>
        <line num="94" type="stmt" count="5"/>
        <line num="95" type="stmt" count="1"/>
        <line num="96" type="stmt" count="1"/>
        <line num="98" type="stmt" count="4"/>
        <line num="101" type="stmt" count="4"/>
        <line num="102" type="stmt" count="0"/>
        <line num="103" type="stmt" count="0"/>
        <line num="106" type="stmt" count="4"/>
        <line num="107" type="stmt" count="4"/>
        <line num="110" type="stmt" count="4"/>
        <line num="115" type="method" name="hasExecutedCreateMigration" visibility="private" complexity="4" crap="4.21" count="2"/>
        <line num="118" type="stmt" count="2"/>
        <line num="120" type="stmt" count="2"/>
        <line num="121" type="stmt" count="1"/>
        <line num="122" type="stmt" count="1"/>
        <line num="123" type="stmt" count="1"/>
        <line num="124" type="stmt" count="1"/>
        <line num="127" type="stmt" count="1"/>
        <line num="128" type="stmt" count="1"/>
        <line num="129" type="stmt" count="1"/>
        <line num="130" type="stmt" count="1"/>
        <line num="131" type="stmt" count="1"/>
        <line num="132" type="stmt" count="1"/>
        <line num="133" type="stmt" count="1"/>
        <line num="134" type="stmt" count="1"/>
        <line num="135" type="stmt" count="1"/>
        <line num="139" type="stmt" count="1"/>
        <line num="140" type="stmt" count="1"/>
        <line num="141" type="stmt" count="1"/>
        <line num="142" type="stmt" count="1"/>
        <line num="145" type="stmt" count="0"/>
        <line num="148" type="stmt" count="0"/>
        <line num="149" type="stmt" count="0"/>
        <line num="150" type="stmt" count="0"/>
        <line num="151" type="stmt" count="0"/>
        <line num="152" type="stmt" count="0"/>
        <line num="153" type="stmt" count="0"/>
        <line num="156" type="stmt" count="0"/>
        <line num="157" type="stmt" count="2"/>
        <line num="158" type="stmt" count="2"/>
        <line num="159" type="stmt" count="2"/>
        <line num="160" type="stmt" count="2"/>
        <line num="161" type="stmt" count="2"/>
        <line num="162" type="stmt" count="2"/>
        <line num="164" type="stmt" count="2"/>
        <line num="168" type="method" name="generateMigration" visibility="private" complexity="23" crap="33.84" count="6"/>
        <line num="170" type="stmt" count="6"/>
        <line num="172" type="stmt" count="6"/>
        <line num="173" type="stmt" count="0"/>
        <line num="174" type="stmt" count="0"/>
        <line num="178" type="stmt" count="6"/>
        <line num="179" type="stmt" count="6"/>
        <line num="181" type="stmt" count="6"/>
        <line num="182" type="stmt" count="5"/>
        <line num="183" type="stmt" count="5"/>
        <line num="184" type="stmt" count="5"/>
        <line num="185" type="stmt" count="5"/>
        <line num="186" type="stmt" count="5"/>
        <line num="187" type="stmt" count="5"/>
        <line num="188" type="stmt" count="5"/>
        <line num="189" type="stmt" count="5"/>
        <line num="190" type="stmt" count="5"/>
        <line num="191" type="stmt" count="5"/>
        <line num="192" type="stmt" count="1"/>
        <line num="193" type="stmt" count="1"/>
        <line num="194" type="stmt" count="1"/>
        <line num="195" type="stmt" count="1"/>
        <line num="196" type="stmt" count="1"/>
        <line num="197" type="stmt" count="1"/>
        <line num="198" type="stmt" count="1"/>
        <line num="199" type="stmt" count="1"/>
        <line num="200" type="stmt" count="1"/>
        <line num="201" type="stmt" count="1"/>
        <line num="202" type="stmt" count="1"/>
        <line num="205" type="stmt" count="6"/>
        <line num="206" type="stmt" count="6"/>
        <line num="207" type="stmt" count="6"/>
        <line num="208" type="stmt" count="6"/>
        <line num="211" type="stmt" count="6"/>
        <line num="212" type="stmt" count="6"/>
        <line num="213" type="stmt" count="6"/>
        <line num="214" type="stmt" count="6"/>
        <line num="215" type="stmt" count="5"/>
        <line num="217" type="stmt" count="6"/>
        <line num="218" type="stmt" count="6"/>
        <line num="219" type="stmt" count="6"/>
        <line num="220" type="stmt" count="6"/>
        <line num="221" type="stmt" count="2"/>
        <line num="222" type="stmt" count="0"/>
        <line num="223" type="stmt" count="0"/>
        <line num="226" type="stmt" count="2"/>
        <line num="227" type="stmt" count="2"/>
        <line num="228" type="stmt" count="2"/>
        <line num="229" type="stmt" count="2"/>
        <line num="230" type="stmt" count="1"/>
        <line num="231" type="stmt" count="1"/>
        <line num="232" type="stmt" count="1"/>
        <line num="233" type="stmt" count="1"/>
        <line num="236" type="stmt" count="2"/>
        <line num="237" type="stmt" count="1"/>
        <line num="238" type="stmt" count="1"/>
        <line num="240" type="stmt" count="1"/>
        <line num="241" type="stmt" count="1"/>
        <line num="245" type="stmt" count="1"/>
        <line num="247" type="stmt" count="1"/>
        <line num="248" type="stmt" count="0"/>
        <line num="249" type="stmt" count="0"/>
        <line num="252" type="stmt" count="1"/>
        <line num="254" type="stmt" count="1"/>
        <line num="255" type="stmt" count="0"/>
        <line num="256" type="stmt" count="0"/>
        <line num="257" type="stmt" count="0"/>
        <line num="258" type="stmt" count="0"/>
        <line num="259" type="stmt" count="0"/>
        <line num="260" type="stmt" count="0"/>
        <line num="261" type="stmt" count="0"/>
        <line num="262" type="stmt" count="0"/>
        <line num="263" type="stmt" count="0"/>
        <line num="265" type="stmt" count="0"/>
        <line num="267" type="stmt" count="1"/>
        <line num="268" type="stmt" count="1"/>
        <line num="269" type="stmt" count="1"/>
        <line num="270" type="stmt" count="1"/>
        <line num="271" type="stmt" count="1"/>
        <line num="272" type="stmt" count="1"/>
        <line num="273" type="stmt" count="1"/>
        <line num="274" type="stmt" count="1"/>
        <line num="275" type="stmt" count="1"/>
        <line num="276" type="stmt" count="0"/>
        <line num="278" type="stmt" count="0"/>
        <line num="279" type="stmt" count="0"/>
        <line num="280" type="stmt" count="0"/>
        <line num="281" type="stmt" count="0"/>
        <line num="282" type="stmt" count="0"/>
        <line num="284" type="stmt" count="0"/>
        <line num="286" type="stmt" count="0"/>
        <line num="287" type="stmt" count="1"/>
        <line num="288" type="stmt" count="1"/>
        <line num="291" type="stmt" count="5"/>
        <line num="293" type="stmt" count="0"/>
        <line num="294" type="stmt" count="0"/>
        <metrics loc="298" ncloc="281" classes="1" methods="5" coveredmethods="1" conditionals="0" coveredconditionals="0" statements="172" coveredstatements="134" elements="177" coveredelements="135"/>
      </file>
      <file name="/home/erik-poehler/Sites/IbexaAutomaticMigrationsBundle/src/EventListener/LanguageListener.php">
        <class name="vardumper\IbexaAutomaticMigrationsBundle\EventListener\LanguageListener" namespace="vardumper\IbexaAutomaticMigrationsBundle\EventListener">
          <metrics complexity="42" methods="6" coveredmethods="2" conditionals="0" coveredconditionals="0" statements="138" coveredstatements="107" elements="144" coveredelements="109"/>
        </class>
        <line num="28" type="method" name="__construct" visibility="public" complexity="3" crap="3" count="17"/>
        <line num="35" type="stmt" count="17"/>
        <line num="36" type="stmt" count="17"/>
        <line num="37" type="stmt" count="17"/>
        <line num="38" type="stmt" count="17"/>
        <line num="39" type="stmt" count="17"/>
        <line num="40" type="stmt" count="17"/>
        <line num="41" type="stmt" count="17"/>
        <line num="42" type="stmt" count="17"/>
        <line num="43" type="stmt" count="16"/>
        <line num="47" type="method" name="getSubscribedEvents" visibility="public" complexity="1" crap="1" count="3"/>
        <line num="49" type="stmt" count="3"/>
        <line num="50" type="stmt" count="3"/>
        <line num="51" type="stmt" count="3"/>
        <line num="52" type="stmt" count="3"/>
        <line num="53" type="stmt" count="3"/>
        <line num="56" type="method" name="onCreated" visibility="public" complexity="5" crap="5.20" count="6"/>
        <line num="58" type="stmt" count="6"/>
        <line num="59" type="stmt" count="6"/>
        <line num="60" type="stmt" count="2"/>
        <line num="63" type="stmt" count="4"/>
        <line num="66" type="stmt" count="4"/>
        <line num="67" type="stmt" count="0"/>
        <line num="68" type="stmt" count="0"/>
        <line num="71" type="stmt" count="4"/>
        <line num="72" type="stmt" count="4"/>
        <line num="74" type="stmt" count="4"/>
        <line num="77" type="method" name="onUpdated" visibility="public" complexity="5" crap="5.20" count="3"/>
        <line num="79" type="stmt" count="3"/>
        <line num="80" type="stmt" count="3"/>
        <line num="81" type="stmt" count="1"/>
        <line num="84" type="stmt" count="2"/>
        <line num="87" type="stmt" count="2"/>
        <line num="88" type="stmt" count="0"/>
        <line num="89" type="stmt" count="0"/>
        <line num="92" type="stmt" count="2"/>
        <line num="93" type="stmt" count="2"/>
        <line num="95" type="stmt" count="2"/>
        <line num="98" type="method" name="onBeforeDeleted" visibility="public" complexity="5" crap="5.20" count="3"/>
        <line num="100" type="stmt" count="3"/>
        <line num="101" type="stmt" count="3"/>
        <line num="102" type="stmt" count="1"/>
        <line num="105" type="stmt" count="2"/>
        <line num="108" type="stmt" count="2"/>
        <line num="109" type="stmt" count="0"/>
        <line num="110" type="stmt" count="0"/>
        <line num="113" type="stmt" count="2"/>
        <line num="114" type="stmt" count="2"/>
        <line num="117" type="stmt" count="2"/>
        <line num="120" type="method" name="generateMigration" visibility="private" complexity="23" crap="32.95" count="8"/>
        <line num="122" type="stmt" count="8"/>
        <line num="124" type="stmt" count="8"/>
        <line num="125" type="stmt" count="0"/>
        <line num="126" type="stmt" count="0"/>
        <line num="130" type="stmt" count="8"/>
        <line num="131" type="stmt" count="8"/>
        <line num="133" type="stmt" count="8"/>
        <line num="134" type="stmt" count="7"/>
        <line num="135" type="stmt" count="7"/>
        <line num="136" type="stmt" count="7"/>
        <line num="137" type="stmt" count="7"/>
        <line num="138" type="stmt" count="7"/>
        <line num="139" type="stmt" count="7"/>
        <line num="140" type="stmt" count="7"/>
        <line num="141" type="stmt" count="7"/>
        <line num="142" type="stmt" count="7"/>
        <line num="143" type="stmt" count="7"/>
        <line num="144" type="stmt" count="1"/>
        <line num="145" type="stmt" count="1"/>
        <line num="146" type="stmt" count="1"/>
        <line num="147" type="stmt" count="1"/>
        <line num="148" type="stmt" count="1"/>
        <line num="149" type="stmt" count="1"/>
        <line num="150" type="stmt" count="1"/>
        <line num="151" type="stmt" count="1"/>
        <line num="152" type="stmt" count="1"/>
        <line num="153" type="stmt" count="1"/>
        <line num="154" type="stmt" count="1"/>
        <line num="157" type="stmt" count="8"/>
        <line num="158" type="stmt" count="8"/>
        <line num="159" type="stmt" count="8"/>
        <line num="160" type="stmt" count="8"/>
        <line num="163" type="stmt" count="8"/>
        <line num="164" type="stmt" count="8"/>
        <line num="165" type="stmt" count="8"/>
        <line num="166" type="stmt" count="8"/>
        <line num="167" type="stmt" count="7"/>
        <line num="169" type="stmt" count="8"/>
        <line num="170" type="stmt" count="8"/>
        <line num="171" type="stmt" count="8"/>
        <line num="172" type="stmt" count="8"/>
        <line num="173" type="stmt" count="2"/>
        <line num="174" type="stmt" count="0"/>
        <line num="175" type="stmt" count="0"/>
        <line num="178" type="stmt" count="2"/>
        <line num="179" type="stmt" count="2"/>
        <line num="180" type="stmt" count="2"/>
        <line num="181" type="stmt" count="2"/>
        <line num="182" type="stmt" count="1"/>
        <line num="183" type="stmt" count="1"/>
        <line num="184" type="stmt" count="1"/>
        <line num="185" type="stmt" count="1"/>
        <line num="188" type="stmt" count="2"/>
        <line num="189" type="stmt" count="1"/>
        <line num="190" type="stmt" count="1"/>
        <line num="192" type="stmt" count="1"/>
        <line num="193" type="stmt" count="1"/>
        <line num="197" type="stmt" count="1"/>
        <line num="198" type="stmt" count="1"/>
        <line num="199" type="stmt" count="0"/>
        <line num="201" type="stmt" count="1"/>
        <line num="203" type="stmt" count="1"/>
        <line num="204" type="stmt" count="0"/>
        <line num="205" type="stmt" count="0"/>
        <line num="206" type="stmt" count="0"/>
        <line num="207" type="stmt" count="0"/>
        <line num="208" type="stmt" count="0"/>
        <line num="209" type="stmt" count="0"/>
        <line num="210" type="stmt" count="0"/>
        <line num="211" type="stmt" count="0"/>
        <line num="212" type="stmt" count="0"/>
        <line num="214" type="stmt" count="0"/>
        <line num="216" type="stmt" count="1"/>
        <line num="217" type="stmt" count="1"/>
        <line num="218" type="stmt" count="1"/>
        <line num="219" type="stmt" count="1"/>
        <line num="220" type="stmt" count="1"/>
        <line num="221" type="stmt" count="1"/>
        <line num="222" type="stmt" count="1"/>
        <line num="223" type="stmt" count="1"/>
        <line num="224" type="stmt" count="1"/>
        <line num="225" type="stmt" count="0"/>
        <line num="227" type="stmt" count="0"/>
        <line num="228" type="stmt" count="0"/>
        <line num="229" type="stmt" count="0"/>
        <line num="230" type="stmt" count="0"/>
        <line num="231" type="stmt" count="0"/>
        <line num="233" type="stmt" count="0"/>
        <line num="235" type="stmt" count="0"/>
        <line num="236" type="stmt" count="1"/>
        <line num="237" type="stmt" count="1"/>
        <line num="240" type="stmt" count="7"/>
        <line num="242" type="stmt" count="0"/>
        <line num="243" type="stmt" count="0"/>
        <metrics loc="247" ncloc="240" classes="1" methods="6" coveredmethods="2" conditionals="0" coveredconditionals="0" statements="138" coveredstatements="107" elements="144" coveredelements="109"/>
      </file>
      <file name="/home/erik-poehler/Sites/IbexaAutomaticMigrationsBundle/src/EventListener/ObjectStateGroupListener.php">
        <class name="vardumper\IbexaAutomaticMigrationsBundle\EventListener\ObjectStateGroupListener" namespace="vardumper\IbexaAutomaticMigrationsBundle\EventListener">
          <metrics complexity="66" methods="5" coveredmethods="2" conditionals="0" coveredconditionals="0" statements="261" coveredstatements="186" elements="266" coveredelements="188"/>
        </class>
        <line num="31" type="method" name="__construct" visibility="public" complexity="3" crap="3" count="18"/>
        <line num="40" type="stmt" count="18"/>
        <line num="41" type="stmt" count="18"/>
        <line num="42" type="stmt" count="18"/>
        <line num="43" type="stmt" count="18"/>
        <line num="44" type="stmt" count="18"/>
        <line num="45" type="stmt" count="18"/>
        <line num="46" type="stmt" count="18"/>
        <line num="47" type="stmt" count="18"/>
        <line num="48" type="stmt" count="18"/>
        <line num="49" type="stmt" count="16"/>
        <line num="53" type="method" name="getSubscribedEvents" visibility="public" complexity="1" crap="1" count="3"/>
        <line num="55" type="stmt" count="3"/>
        <line num="56" type="stmt" count="3"/>
        <line num="57" type="stmt" count="3"/>
        <line num="58" type="stmt" count="3"/>
        <line num="59" type="stmt" count="3"/>
        <line num="62" type="method" name="onCreated" visibility="public" complexity="24" crap="30.32" count="6"/>
        <line num="64" type="stmt" count="6"/>
        <line num="65" type="stmt" count="6"/>
        <line num="66" type="stmt" count="6"/>
        <line num="67" type="stmt" count="6"/>
        <line num="68" type="stmt" count="6"/>
        <line num="69" type="stmt" count="6"/>
        <line num="71" type="stmt" count="6"/>
        <line num="72" type="stmt" count="2"/>
        <line num="73" type="stmt" count="2"/>
        <line num="76" type="stmt" count="4"/>
        <line num="77" type="stmt" count="0"/>
        <line num="78" type="stmt" count="0"/>
        <line num="82" type="stmt" count="4"/>
        <line num="83" type="stmt" count="4"/>
        <line num="84" type="stmt" count="4"/>
        <line num="85" type="stmt" count="4"/>
        <line num="87" type="stmt" count="4"/>
        <line num="88" type="stmt" count="1"/>
        <line num="89" type="stmt" count="1"/>
        <line num="90" type="stmt" count="1"/>
        <line num="91" type="stmt" count="1"/>
        <line num="92" type="stmt" count="1"/>
        <line num="93" type="stmt" count="1"/>
        <line num="94" type="stmt" count="1"/>
        <line num="95" type="stmt" count="1"/>
        <line num="96" type="stmt" count="1"/>
        <line num="97" type="stmt" count="1"/>
        <line num="99" type="stmt" count="3"/>
        <line num="100" type="stmt" count="3"/>
        <line num="101" type="stmt" count="3"/>
        <line num="102" type="stmt" count="3"/>
        <line num="103" type="stmt" count="3"/>
        <line num="104" type="stmt" count="3"/>
        <line num="105" type="stmt" count="3"/>
        <line num="106" type="stmt" count="3"/>
        <line num="107" type="stmt" count="3"/>
        <line num="108" type="stmt" count="3"/>
        <line num="111" type="stmt" count="4"/>
        <line num="112" type="stmt" count="4"/>
        <line num="113" type="stmt" count="4"/>
        <line num="114" type="stmt" count="4"/>
        <line num="118" type="stmt" count="4"/>
        <line num="119" type="stmt" count="4"/>
        <line num="120" type="stmt" count="3"/>
        <line num="123" type="stmt" count="4"/>
        <line num="124" type="stmt" count="4"/>
        <line num="125" type="stmt" count="4"/>
        <line num="127" type="stmt" count="4"/>
        <line num="128" type="stmt" count="2"/>
        <line num="129" type="stmt" count="0"/>
        <line num="132" type="stmt" count="2"/>
        <line num="133" type="stmt" count="2"/>
        <line num="134" type="stmt" count="2"/>
        <line num="135" type="stmt" count="2"/>
        <line num="136" type="stmt" count="1"/>
        <line num="137" type="stmt" count="1"/>
        <line num="138" type="stmt" count="1"/>
        <line num="139" type="stmt" count="1"/>
        <line num="142" type="stmt" count="2"/>
        <line num="143" type="stmt" count="1"/>
        <line num="144" type="stmt" count="1"/>
        <line num="146" type="stmt" count="1"/>
        <line num="147" type="stmt" count="1"/>
        <line num="150" type="stmt" count="1"/>
        <line num="151" type="stmt" count="1"/>
        <line num="152" type="stmt" count="0"/>
        <line num="154" type="stmt" count="1"/>
        <line num="156" type="stmt" count="1"/>
        <line num="157" type="stmt" count="1"/>
        <line num="159" type="stmt" count="1"/>
        <line num="160" type="stmt" count="1"/>
        <line num="161" type="stmt" count="0"/>
        <line num="162" type="stmt" count="0"/>
        <line num="163" type="stmt" count="0"/>
        <line num="164" type="stmt" count="0"/>
        <line num="165" type="stmt" count="0"/>
        <line num="166" type="stmt" count="0"/>
        <line num="167" type="stmt" count="0"/>
        <line num="168" type="stmt" count="0"/>
        <line num="170" type="stmt" count="0"/>
        <line num="172" type="stmt" count="1"/>
        <line num="173" type="stmt" count="1"/>
        <line num="174" type="stmt" count="1"/>
        <line num="175" type="stmt" count="1"/>
        <line num="176" type="stmt" count="1"/>
        <line num="177" type="stmt" count="1"/>
        <line num="178" type="stmt" count="1"/>
        <line num="179" type="stmt" count="1"/>
        <line num="180" type="stmt" count="0"/>
        <line num="182" type="stmt" count="0"/>
        <line num="183" type="stmt" count="0"/>
        <line num="184" type="stmt" count="0"/>
        <line num="185" type="stmt" count="0"/>
        <line num="186" type="stmt" count="0"/>
        <line num="189" type="stmt" count="0"/>
        <line num="190" type="stmt" count="1"/>
        <line num="191" type="stmt" count="3"/>
        <line num="194" type="stmt" count="0"/>
        <line num="195" type="stmt" count="0"/>
        <line num="199" type="method" name="onUpdated" visibility="public" complexity="24" crap="50.58" count="4"/>
        <line num="201" type="stmt" count="4"/>
        <line num="202" type="stmt" count="1"/>
        <line num="205" type="stmt" count="3"/>
        <line num="206" type="stmt" count="0"/>
        <line num="209" type="stmt" count="3"/>
        <line num="212" type="stmt" count="3"/>
        <line num="213" type="stmt" count="3"/>
        <line num="214" type="stmt" count="3"/>
        <line num="215" type="stmt" count="3"/>
        <line num="217" type="stmt" count="3"/>
        <line num="218" type="stmt" count="0"/>
        <line num="219" type="stmt" count="0"/>
        <line num="220" type="stmt" count="0"/>
        <line num="221" type="stmt" count="0"/>
        <line num="222" type="stmt" count="0"/>
        <line num="223" type="stmt" count="0"/>
        <line num="224" type="stmt" count="0"/>
        <line num="225" type="stmt" count="0"/>
        <line num="226" type="stmt" count="0"/>
        <line num="227" type="stmt" count="0"/>
        <line num="229" type="stmt" count="3"/>
        <line num="230" type="stmt" count="3"/>
        <line num="231" type="stmt" count="3"/>
        <line num="232" type="stmt" count="3"/>
        <line num="233" type="stmt" count="3"/>
        <line num="234" type="stmt" count="3"/>
        <line num="235" type="stmt" count="3"/>
        <line num="236" type="stmt" count="3"/>
        <line num="237" type="stmt" count="3"/>
        <line num="238" type="stmt" count="3"/>
        <line num="241" type="stmt" count="3"/>
        <line num="242" type="stmt" count="3"/>
        <line num="243" type="stmt" count="3"/>
        <line num="244" type="stmt" count="3"/>
        <line num="248" type="stmt" count="3"/>
        <line num="249" type="stmt" count="3"/>
        <line num="250" type="stmt" count="3"/>
        <line num="253" type="stmt" count="3"/>
        <line num="254" type="stmt" count="3"/>
        <line num="255" type="stmt" count="3"/>
        <line num="257" type="stmt" count="3"/>
        <line num="258" type="stmt" count="1"/>
        <line num="259" type="stmt" count="0"/>
        <line num="262" type="stmt" count="1"/>
        <line num="263" type="stmt" count="1"/>
        <line num="264" type="stmt" count="1"/>
        <line num="265" type="stmt" count="1"/>
        <line num="266" type="stmt" count="1"/>
        <line num="267" type="stmt" count="1"/>
        <line num="268" type="stmt" count="1"/>
        <line num="269" type="stmt" count="1"/>
        <line num="272" type="stmt" count="1"/>
        <line num="273" type="stmt" count="1"/>
        <line num="274" type="stmt" count="1"/>
        <line num="276" type="stmt" count="0"/>
        <line num="277" type="stmt" count="0"/>
        <line num="280" type="stmt" count="1"/>
        <line num="281" type="stmt" count="1"/>
        <line num="282" type="stmt" count="0"/>
        <line num="284" type="stmt" count="1"/>
        <line num="286" type="stmt" count="1"/>
        <line num="287" type="stmt" count="1"/>
        <line num="289" type="stmt" count="1"/>
        <line num="290" type="stmt" count="1"/>
        <line num="291" type="stmt" count="0"/>
        <line num="292" type="stmt" count="0"/>
        <line num="293" type="stmt" count="0"/>
        <line num="294" type="stmt" count="0"/>
        <line num="295" type="stmt" count="0"/>
        <line num="296" type="stmt" count="0"/>
        <line num="297" type="stmt" count="0"/>
        <line num="298" type="stmt" count="0"/>
        <line num="300" type="stmt" count="0"/>
        <line num="302" type="stmt" count="1"/>
        <line num="303" type="stmt" count="1"/>
        <line num="304" type="stmt" count="1"/>
        <line num="305" type="stmt" count="1"/>
        <line num="306" type="stmt" count="1"/>
        <line num="307" type="stmt" count="1"/>
        <line num="308" type="stmt" count="1"/>
        <line num="309" type="stmt" count="1"/>
        <line num="310" type="stmt" count="0"/>
        <line num="312" type="stmt" count="0"/>
        <line num="313" type="stmt" count="0"/>
        <line num="314" type="stmt" count="0"/>
        <line num="315" type="stmt" count="0"/>
        <line num="316" type="stmt" count="0"/>
        <line num="319" type="stmt" count="0"/>
        <line num="320" type="stmt" count="1"/>
        <line num="321" type="stmt" count="3"/>
        <line num="324" type="stmt" count="0"/>
        <line num="325" type="stmt" count="0"/>
        <line num="329" type="method" name="onDeleted" visibility="public" complexity="14" crap="23.42" count="3"/>
        <line num="331" type="stmt" count="3"/>
        <line num="332" type="stmt" count="1"/>
        <line num="335" type="stmt" count="2"/>
        <line num="336" type="stmt" count="0"/>
        <line num="339" type="stmt" count="2"/>
        <line num="342" type="stmt" count="2"/>
        <line num="343" type="stmt" count="2"/>
        <line num="346" type="stmt" count="2"/>
        <line num="347" type="stmt" count="2"/>
        <line num="348" type="stmt" count="2"/>
        <line num="349" type="stmt" count="2"/>
        <line num="350" type="stmt" count="2"/>
        <line num="351" type="stmt" count="2"/>
        <line num="352" type="stmt" count="2"/>
        <line num="353" type="stmt" count="2"/>
        <line num="354" type="stmt" count="2"/>
        <line num="355" type="stmt" count="2"/>
        <line num="356" type="stmt" count="2"/>
        <line num="357" type="stmt" count="2"/>
        <line num="358" type="stmt" count="2"/>
        <line num="359" type="stmt" count="2"/>
        <line num="360" type="stmt" count="2"/>
        <line num="361" type="stmt" count="0"/>
        <line num="365" type="stmt" count="2"/>
        <line num="366" type="stmt" count="2"/>
        <line num="367" type="stmt" count="2"/>
        <line num="368" type="stmt" count="2"/>
        <line num="369" type="stmt" count="0"/>
        <line num="370" type="stmt" count="0"/>
        <line num="371" type="stmt" count="0"/>
        <line num="372" type="stmt" count="0"/>
        <line num="373" type="stmt" count="0"/>
        <line num="374" type="stmt" count="0"/>
        <line num="375" type="stmt" count="0"/>
        <line num="376" type="stmt" count="0"/>
        <line num="378" type="stmt" count="0"/>
        <line num="380" type="stmt" count="2"/>
        <line num="381" type="stmt" count="2"/>
        <line num="382" type="stmt" count="2"/>
        <line num="383" type="stmt" count="2"/>
        <line num="384" type="stmt" count="2"/>
        <line num="385" type="stmt" count="2"/>
        <line num="386" type="stmt" count="2"/>
        <line num="387" type="stmt" count="2"/>
        <line num="388" type="stmt" count="0"/>
        <line num="390" type="stmt" count="0"/>
        <line num="391" type="stmt" count="0"/>
        <line num="392" type="stmt" count="0"/>
        <line num="393" type="stmt" count="0"/>
        <line num="394" type="stmt" count="0"/>
        <line num="397" type="stmt" count="0"/>
        <line num="398" type="stmt" count="2"/>
        <line num="399" type="stmt" count="2"/>
        <line num="401" type="stmt" count="0"/>
        <line num="402" type="stmt" count="0"/>
        <metrics loc="406" ncloc="393" classes="1" methods="5" coveredmethods="2" conditionals="0" coveredconditionals="0" statements="261" coveredstatements="186" elements="266" coveredelements="188"/>
      </file>
      <file name="/home/erik-poehler/Sites/IbexaAutomaticMigrationsBundle/src/EventListener/ObjectStateListener.php">
        <class name="vardumper\IbexaAutomaticMigrationsBundle\EventListener\ObjectStateListener" namespace="vardumper\IbexaAutomaticMigrationsBundle\EventListener">
          <metrics complexity="44" methods="6" coveredmethods="2" conditionals="0" coveredconditionals="0" statements="145" coveredstatements="112" elements="151" coveredelements="114"/>
        </class>
        <line num="30" type="method" name="__construct" visibility="public" complexity="3" crap="3" count="17"/>
        <line num="37" type="stmt" count="17"/>
        <line num="38" type="stmt" count="17"/>
        <line num="39" type="stmt" count="17"/>
        <line num="40" type="stmt" count="17"/>
        <line num="41" type="stmt" count="17"/>
        <line num="42" type="stmt" count="17"/>
        <line num="43" type="stmt" count="17"/>
        <line num="44" type="stmt" count="17"/>
        <line num="45" type="stmt" count="16"/>
        <line num="49" type="method" name="getSubscribedEvents" visibility="public" complexity="1" crap="1" count="3"/>
        <line num="51" type="stmt" count="3"/>
        <line num="52" type="stmt" count="3"/>
        <line num="53" type="stmt" count="3"/>
        <line num="54" type="stmt" count="3"/>
        <line num="55" type="stmt" count="3"/>
        <line num="58" type="method" name="onCreated" visibility="public" complexity="7" crap="7.64" count="6"/>
        <line num="60" type="stmt" count="6"/>
        <line num="62" type="stmt" count="6"/>
        <line num="63" type="stmt" count="6"/>
        <line num="64" type="stmt" count="2"/>
        <line num="65" type="stmt" count="2"/>
        <line num="69" type="stmt" count="4"/>
        <line num="70" type="stmt" count="0"/>
        <line num="71" type="stmt" count="0"/>
        <line num="74" type="stmt" count="4"/>
        <line num="75" type="stmt" count="4"/>
        <line num="77" type="stmt" count="4"/>
        <line num="78" type="stmt" count="4"/>
        <line num="79" type="stmt" count="4"/>
        <line num="80" type="stmt" count="0"/>
        <line num="81" type="stmt" count="0"/>
        <line num="83" type="stmt" count="4"/>
        <line num="85" type="stmt" count="4"/>
        <line num="88" type="method" name="onUpdated" visibility="public" complexity="5" crap="5.20" count="3"/>
        <line num="90" type="stmt" count="3"/>
        <line num="91" type="stmt" count="3"/>
        <line num="92" type="stmt" count="1"/>
        <line num="95" type="stmt" count="2"/>
        <line num="98" type="stmt" count="2"/>
        <line num="99" type="stmt" count="0"/>
        <line num="100" type="stmt" count="0"/>
        <line num="103" type="stmt" count="2"/>
        <line num="104" type="stmt" count="2"/>
        <line num="106" type="stmt" count="2"/>
        <line num="109" type="method" name="onDeleted" visibility="public" complexity="5" crap="5.20" count="3"/>
        <line num="111" type="stmt" count="3"/>
        <line num="112" type="stmt" count="3"/>
        <line num="113" type="stmt" count="1"/>
        <line num="116" type="stmt" count="2"/>
        <line num="119" type="stmt" count="2"/>
        <line num="120" type="stmt" count="0"/>
        <line num="121" type="stmt" count="0"/>
        <line num="124" type="stmt" count="2"/>
        <line num="125" type="stmt" count="2"/>
        <line num="128" type="stmt" count="2"/>
        <line num="131" type="method" name="generateMigration" visibility="private" complexity="23" crap="32.95" count="8"/>
        <line num="133" type="stmt" count="8"/>
        <line num="135" type="stmt" count="8"/>
        <line num="136" type="stmt" count="0"/>
        <line num="137" type="stmt" count="0"/>
        <line num="141" type="stmt" count="8"/>
        <line num="142" type="stmt" count="8"/>
        <line num="144" type="stmt" count="8"/>
        <line num="145" type="stmt" count="7"/>
        <line num="146" type="stmt" count="7"/>
        <line num="147" type="stmt" count="7"/>
        <line num="148" type="stmt" count="7"/>
        <line num="149" type="stmt" count="7"/>
        <line num="150" type="stmt" count="7"/>
        <line num="151" type="stmt" count="7"/>
        <line num="152" type="stmt" count="7"/>
        <line num="153" type="stmt" count="7"/>
        <line num="154" type="stmt" count="7"/>
        <line num="155" type="stmt" count="1"/>
        <line num="156" type="stmt" count="1"/>
        <line num="157" type="stmt" count="1"/>
        <line num="158" type="stmt" count="1"/>
        <line num="159" type="stmt" count="1"/>
        <line num="160" type="stmt" count="1"/>
        <line num="161" type="stmt" count="1"/>
        <line num="162" type="stmt" count="1"/>
        <line num="163" type="stmt" count="1"/>
        <line num="164" type="stmt" count="1"/>
        <line num="165" type="stmt" count="1"/>
        <line num="168" type="stmt" count="8"/>
        <line num="169" type="stmt" count="8"/>
        <line num="170" type="stmt" count="8"/>
        <line num="171" type="stmt" count="8"/>
        <line num="174" type="stmt" count="8"/>
        <line num="175" type="stmt" count="8"/>
        <line num="176" type="stmt" count="8"/>
        <line num="177" type="stmt" count="8"/>
        <line num="178" type="stmt" count="7"/>
        <line num="180" type="stmt" count="8"/>
        <line num="181" type="stmt" count="8"/>
        <line num="182" type="stmt" count="8"/>
        <line num="183" type="stmt" count="8"/>
        <line num="184" type="stmt" count="2"/>
        <line num="185" type="stmt" count="0"/>
        <line num="186" type="stmt" count="0"/>
        <line num="189" type="stmt" count="2"/>
        <line num="190" type="stmt" count="2"/>
        <line num="191" type="stmt" count="2"/>
        <line num="192" type="stmt" count="2"/>
        <line num="193" type="stmt" count="1"/>
        <line num="194" type="stmt" count="1"/>
        <line num="195" type="stmt" count="1"/>
        <line num="196" type="stmt" count="1"/>
        <line num="199" type="stmt" count="2"/>
        <line num="200" type="stmt" count="1"/>
        <line num="201" type="stmt" count="1"/>
        <line num="203" type="stmt" count="1"/>
        <line num="204" type="stmt" count="1"/>
        <line num="208" type="stmt" count="1"/>
        <line num="209" type="stmt" count="1"/>
        <line num="210" type="stmt" count="0"/>
        <line num="212" type="stmt" count="1"/>
        <line num="214" type="stmt" count="1"/>
        <line num="215" type="stmt" count="0"/>
        <line num="216" type="stmt" count="0"/>
        <line num="217" type="stmt" count="0"/>
        <line num="218" type="stmt" count="0"/>
        <line num="219" type="stmt" count="0"/>
        <line num="220" type="stmt" count="0"/>
        <line num="221" type="stmt" count="0"/>
        <line num="222" type="stmt" count="0"/>
        <line num="223" type="stmt" count="0"/>
        <line num="225" type="stmt" count="0"/>
        <line num="227" type="stmt" count="1"/>
        <line num="228" type="stmt" count="1"/>
        <line num="229" type="stmt" count="1"/>
        <line num="230" type="stmt" count="1"/>
        <line num="231" type="stmt" count="1"/>
        <line num="232" type="stmt" count="1"/>
        <line num="233" type="stmt" count="1"/>
        <line num="234" type="stmt" count="1"/>
        <line num="235" type="stmt" count="1"/>
        <line num="236" type="stmt" count="0"/>
        <line num="238" type="stmt" count="0"/>
        <line num="239" type="stmt" count="0"/>
        <line num="240" type="stmt" count="0"/>
        <line num="241" type="stmt" count="0"/>
        <line num="242" type="stmt" count="0"/>
        <line num="244" type="stmt" count="0"/>
        <line num="246" type="stmt" count="0"/>
        <line num="247" type="stmt" count="1"/>
        <line num="248" type="stmt" count="1"/>
        <line num="251" type="stmt" count="7"/>
        <line num="253" type="stmt" count="0"/>
        <line num="254" type="stmt" count="0"/>
        <metrics loc="258" ncloc="250" classes="1" methods="6" coveredmethods="2" conditionals="0" coveredconditionals="0" statements="145" coveredstatements="112" elements="151" coveredelements="114"/>
      </file>
      <file name="/home/erik-poehler/Sites/IbexaAutomaticMigrationsBundle/src/EventListener/RoleListener.php">
        <class name="vardumper\IbexaAutomaticMigrationsBundle\EventListener\RoleListener" namespace="vardumper\IbexaAutomaticMigrationsBundle\EventListener">
          <metrics complexity="51" methods="7" coveredmethods="2" conditionals="0" coveredconditionals="0" statements="163" coveredstatements="127" elements="170" coveredelements="129"/>
        </class>
        <line num="29" type="method" name="__construct" visibility="public" complexity="3" crap="3" count="19"/>
        <line num="36" type="stmt" count="19"/>
        <line num="37" type="stmt" count="19"/>
        <line num="38" type="stmt" count="19"/>
        <line num="39" type="stmt" count="19"/>
        <line num="40" type="stmt" count="19"/>
        <line num="41" type="stmt" count="19"/>
        <line num="42" type="stmt" count="19"/>
        <line num="43" type="stmt" count="19"/>
        <line num="44" type="stmt" count="18"/>
        <line num="48" type="method" name="getSubscribedEvents" visibility="public" complexity="1" crap="1" count="4"/>
        <line num="50" type="stmt" count="4"/>
        <line num="51" type="stmt" count="4"/>
        <line num="52" type="stmt" count="4"/>
        <line num="53" type="stmt" count="4"/>
        <line num="54" type="stmt" count="4"/>
        <line num="55" type="stmt" count="4"/>
        <line num="58" type="method" name="onCreated" visibility="public" complexity="5" crap="5.20" count="5"/>
        <line num="60" type="stmt" count="5"/>
        <line num="61" type="stmt" count="5"/>
        <line num="62" type="stmt" count="2"/>
        <line num="65" type="stmt" count="3"/>
        <line num="68" type="stmt" count="3"/>
        <line num="69" type="stmt" count="0"/>
        <line num="70" type="stmt" count="0"/>
        <line num="73" type="stmt" count="3"/>
        <line num="74" type="stmt" count="3"/>
        <line num="76" type="stmt" count="3"/>
        <line num="79" type="method" name="onPublished" visibility="public" complexity="9" crap="9.73" count="2"/>
        <line num="81" type="stmt" count="2"/>
        <line num="82" type="stmt" count="2"/>
        <line num="83" type="stmt" count="1"/>
        <line num="86" type="stmt" count="1"/>
        <line num="89" type="stmt" count="1"/>
        <line num="90" type="stmt" count="0"/>
        <line num="91" type="stmt" count="0"/>
        <line num="94" type="stmt" count="1"/>
        <line num="95" type="stmt" count="1"/>
        <line num="99" type="stmt" count="1"/>
        <line num="100" type="stmt" count="1"/>
        <line num="101" type="stmt" count="1"/>
        <line num="102" type="stmt" count="0"/>
        <line num="103" type="stmt" count="0"/>
        <line num="104" type="stmt" count="0"/>
        <line num="107" type="stmt" count="1"/>
        <line num="108" type="stmt" count="1"/>
        <line num="110" type="stmt" count="1"/>
        <line num="111" type="stmt" count="1"/>
        <line num="112" type="stmt" count="1"/>
        <line num="113" type="stmt" count="1"/>
        <line num="114" type="stmt" count="1"/>
        <line num="115" type="stmt" count="1"/>
        <line num="117" type="stmt" count="1"/>
        <line num="120" type="method" name="onUpdated" visibility="public" complexity="5" crap="5.20" count="3"/>
        <line num="122" type="stmt" count="3"/>
        <line num="123" type="stmt" count="3"/>
        <line num="124" type="stmt" count="1"/>
        <line num="127" type="stmt" count="2"/>
        <line num="130" type="stmt" count="2"/>
        <line num="131" type="stmt" count="0"/>
        <line num="132" type="stmt" count="0"/>
        <line num="135" type="stmt" count="2"/>
        <line num="136" type="stmt" count="2"/>
        <line num="138" type="stmt" count="2"/>
        <line num="141" type="method" name="onBeforeDeleted" visibility="public" complexity="5" crap="5.20" count="3"/>
        <line num="143" type="stmt" count="3"/>
        <line num="144" type="stmt" count="3"/>
        <line num="145" type="stmt" count="1"/>
        <line num="148" type="stmt" count="2"/>
        <line num="151" type="stmt" count="2"/>
        <line num="152" type="stmt" count="0"/>
        <line num="153" type="stmt" count="0"/>
        <line num="156" type="stmt" count="2"/>
        <line num="157" type="stmt" count="2"/>
        <line num="160" type="stmt" count="2"/>
[...]
        <line num="199" type="stmt" count="7"/>
        <line num="202" type="stmt" count="7"/>
        <line num="203" type="stmt" count="7"/>
        <line num="204" type="stmt" count="7"/>
        <line num="205" type="stmt" count="7"/>
        <line num="206" type="stmt" count="6"/>
        <line num="208" type="stmt" count="7"/>
        <line num="209" type="stmt" count="7"/>
        <line num="210" type="stmt" count="7"/>
        <line num="211" type="stmt" count="7"/>
        <line num="212" type="stmt" count="2"/>
        <line num="213" type="stmt" count="0"/>
        <line num="214" type="stmt" count="0"/>
        <line num="217" type="stmt" count="2"/>
        <line num="218" type="stmt" count="2"/>
        <line num="219" type="stmt" count="2"/>
        <line num="220" type="stmt" count="2"/>
        <line num="221" type="stmt" count="1"/>
        <line num="222" type="stmt" count="1"/>
        <line num="223" type="stmt" count="1"/>
        <line num="224" type="stmt" count="1"/>
        <line num="227" type="stmt" count="2"/>
        <line num="228" type="stmt" count="1"/>
        <line num="229" type="stmt" count="1"/>
        <line num="231" type="stmt" count="1"/>
        <line num="232" type="stmt" count="1"/>
        <line num="236" type="stmt" count="1"/>
        <line num="237" type="stmt" count="1"/>
        <line num="238" type="stmt" count="0"/>
        <line num="240" type="stmt" count="1"/>
        <line num="242" type="stmt" count="1"/>
        <line num="243" type="stmt" count="0"/>
        <line num="244" type="stmt" count="0"/>
        <line num="245" type="stmt" count="0"/>
        <line num="246" type="stmt" count="0"/>
        <line num="247" type="stmt" count="0"/>
        <line num="248" type="stmt" count="0"/>
        <line num="249" type="stmt" count="0"/>
        <line num="250" type="stmt" count="0"/>
        <line num="251" type="stmt" count="0"/>
        <line num="253" type="stmt" count="0"/>
        <line num="255" type="stmt" count="1"/>
        <line num="256" type="stmt" count="1"/>
        <line num="257" type="stmt" count="1"/>
        <line num="258" type="stmt" count="1"/>
        <line num="259" type="stmt" count="1"/>
        <line num="260" type="stmt" count="1"/>
        <line num="261" type="stmt" count="1"/>
        <line num="262" type="stmt" count="1"/>
        <line num="263" type="stmt" count="1"/>
        <line num="264" type="stmt" count="0"/>
        <line num="266" type="stmt" count="0"/>
        <line num="267" type="stmt" count="0"/>
        <line num="268" type="stmt" count="0"/>
        <line num="269" type="stmt" count="0"/>
        <line num="270" type="stmt" count="0"/>
        <line num="272" type="stmt" count="0"/>
        <line num="274" type="stmt" count="0"/>
        <line num="275" type="stmt" count="1"/>
        <line num="276" type="stmt" count="1"/>
        <line num="279" type="stmt" count="6"/>
        <line num="281" type="stmt" count="0"/>
        <line num="282" type="stmt" count="0"/>
        <metrics loc="286" ncloc="271" classes="1" methods="7" coveredmethods="3" conditionals="0" coveredconditionals="0" statements="152" coveredstatements="121" elements="159" coveredelements="124"/>
      </file>
    </package>
    <package name="vardumper\IbexaAutomaticMigrationsBundle\EventSubscriber">
      <file name="/home/erik-poehler/Sites/IbexaAutomaticMigrationsBundle/src/EventSubscriber/MigrationsMenuSubscriber.php">
        <class name="vardumper\IbexaAutomaticMigrationsBundle\EventSubscriber\MigrationsMenuSubscriber" namespace="vardumper\IbexaAutomaticMigrationsBundle\EventSubscriber">
          <metrics complexity="4" methods="3" coveredmethods="3" conditionals="0" coveredconditionals="0" statements="23" coveredstatements="23" elements="26" coveredelements="26"/>
        </class>
        <line num="21" type="method" name="__construct" visibility="public" complexity="1" crap="1" count="4"/>
        <line num="25" type="stmt" count="4"/>
        <line num="26" type="stmt" count="4"/>
        <line num="29" type="method" name="getSubscribedEvents" visibility="public" complexity="1" crap="1" count="2"/>
        <line num="31" type="stmt" count="2"/>
        <line num="32" type="stmt" count="2"/>
        <line num="33" type="stmt" count="2"/>
        <line num="36" type="method" name="onMainMenuConfigure" visibility="public" complexity="2" crap="2" count="2"/>
        <line num="38" type="stmt" count="2"/>
        <line num="40" type="stmt" count="2"/>
        <line num="41" type="stmt" count="1"/>
        <line num="44" type="stmt" count="1"/>
        <line num="45" type="stmt" count="1"/>
        <line num="46" type="stmt" count="1"/>
        <line num="47" type="stmt" count="1"/>
        <line num="48" type="stmt" count="1"/>
        <line num="49" type="stmt" count="1"/>
        <line num="50" type="stmt" count="1"/>
        <line num="51" type="stmt" count="1"/>
        <line num="52" type="stmt" count="1"/>
        <line num="53" type="stmt" count="1"/>
        <line num="54" type="stmt" count="1"/>
        <line num="55" type="stmt" count="1"/>
        <line num="56" type="stmt" count="1"/>
        <line num="57" type="stmt" count="1"/>
        <line num="58" type="stmt" count="1"/>
        <metrics loc="61" ncloc="61" classes="1" methods="3" coveredmethods="3" conditionals="0" coveredconditionals="0" statements="23" coveredstatements="23" elements="26" coveredelements="26"/>
      </file>
    </package>
    <package name="vardumper\IbexaAutomaticMigrationsBundle\Helper">
      <file name="/home/erik-poehler/Sites/IbexaAutomaticMigrationsBundle/src/Helper/Helper.php">
        <class name="vardumper\IbexaAutomaticMigrationsBundle\Helper\Helper" namespace="vardumper\IbexaAutomaticMigrationsBundle\Helper">
          <metrics complexity="55" methods="3" coveredmethods="1" conditionals="0" coveredconditionals="0" statements="129" coveredstatements="125" elements="132" coveredelements="126"/>
        </class>
        <line num="16" type="method" name="determineMode" visibility="public" complexity="3" crap="3.58" count="170"/>
        <line num="19" type="stmt" count="170"/>
        <line num="20" type="stmt" count="0"/>
        <line num="22" type="stmt" count="170"/>
        <line num="23" type="stmt" count="170"/>
        <line num="25" type="stmt" count="0"/>
        <line num="28" type="method" name="determineDestination" visibility="public" complexity="3" crap="3.33" count="170"/>
        <line num="30" type="stmt" count="170"/>
        <line num="31" type="stmt" count="170"/>
        <line num="32" type="stmt" count="0"/>
        <line num="34" type="stmt" count="170"/>
        <line num="35" type="stmt" count="170"/>
        <line num="37" type="stmt" count="0"/>
        <line num="47" type="method" name="fixKaliopMigrationYaml" visibility="public" complexity="49" crap="49" count="34"/>
        <line num="49" type="stmt" count="34"/>
        <line num="50" type="stmt" count="34"/>
        <line num="51" type="stmt" count="1"/>
        <line num="56" type="stmt" count="33"/>
        <line num="57" type="stmt" count="1"/>
        <line num="58" type="stmt" count="1"/>
        <line num="59" type="stmt" count="1"/>
        <line num="60" type="stmt" count="1"/>
        <line num="61" type="stmt" count="1"/>
        <line num="62" type="stmt" count="1"/>
        <line num="65" type="stmt" count="32"/>
        <line num="66" type="stmt" count="32"/>
        <line num="67" type="stmt" count="32"/>
        <line num="69" type="stmt" count="32"/>
        <line num="70" type="stmt" count="32"/>
        <line num="71" type="stmt" count="32"/>
        <line num="72" type="stmt" count="32"/>
        <line num="74" type="stmt" count="32"/>
        <line num="75" type="stmt" count="32"/>
        <line num="77" type="stmt" count="32"/>
        <line num="78" type="stmt" count="32"/>
        <line num="79" type="stmt" count="32"/>
        <line num="80" type="stmt" count="32"/>
        <line num="84" type="stmt" count="11"/>
        <line num="85" type="stmt" count="11"/>
        <line num="86" type="stmt" count="11"/>
        <line num="87" type="stmt" count="11"/>
        <line num="88" type="stmt" count="11"/>
        <line num="90" type="stmt" count="11"/>
        <line num="91" type="stmt" count="11"/>
        <line num="95" type="stmt" count="11"/>
        <line num="96" type="stmt" count="11"/>
        <line num="97" type="stmt" count="11"/>
        <line num="98" type="stmt" count="11"/>
        <line num="99" type="stmt" count="11"/>
        <line num="103" type="stmt" count="11"/>
        <line num="104" type="stmt" count="10"/>
        <line num="105" type="stmt" count="10"/>
        <line num="106" type="stmt" count="10"/>
        <line num="107" type="stmt" count="10"/>
        <line num="108" type="stmt" count="4"/>
        <line num="110" type="stmt" count="10"/>
        <line num="111" type="stmt" count="7"/>
        <line num="115" type="stmt" count="10"/>
        <line num="116" type="stmt" count="10"/>
        <line num="118" type="stmt" count="10"/>
        <line num="119" type="stmt" count="7"/>
        <line num="120" type="stmt" count="7"/>
        <line num="122" type="stmt" count="7"/>
        <line num="124" type="stmt" count="7"/>
        <line num="125" type="stmt" count="4"/>
        <line num="126" type="stmt" count="4"/>
        <line num="128" type="stmt" count="7"/>
        <line num="132" type="stmt" count="7"/>
        <line num="133" type="stmt" count="2"/>
        <line num="134" type="stmt" count="2"/>
        <line num="135" type="stmt" count="1"/>
        <line num="137" type="stmt" count="2"/>
        <line num="141" type="stmt" count="7"/>
        <line num="142" type="stmt" count="2"/>
        <line num="143" type="stmt" count="2"/>
        <line num="144" type="stmt" count="1"/>
        <line num="146" type="stmt" count="2"/>
        <line num="149" type="stmt" count="7"/>
        <line num="153" type="stmt" count="11"/>
        <line num="154" type="stmt" count="11"/>
        <line num="158" type="stmt" count="32"/>
        <line num="161" type="stmt" count="32"/>
        <line num="162" type="stmt" count="32"/>
        <line num="163" type="stmt" count="32"/>
        <line num="164" type="stmt" count="32"/>
        <line num="165" type="stmt" count="32"/>
        <line num="167" type="stmt" count="32"/>
        <line num="168" type="stmt" count="32"/>
        <line num="170" type="stmt" count="32"/>
        <line num="171" type="stmt" count="11"/>
        <line num="172" type="stmt" count="11"/>
        <line num="173" type="stmt" count="11"/>
        <line num="177" type="stmt" count="21"/>
        <line num="178" type="stmt" count="21"/>
        <line num="179" type="stmt" count="21"/>
        <line num="180" type="stmt" count="21"/>
        <line num="181" type="stmt" count="21"/>
        <line num="184" type="stmt" count="21"/>
        <line num="185" type="stmt" count="21"/>
        <line num="186" type="stmt" count="21"/>
        <line num="187" type="stmt" count="21"/>
        <line num="188" type="stmt" count="9"/>
        <line num="190" type="stmt" count="21"/>
        <line num="191" type="stmt" count="1"/>
        <line num="195" type="stmt" count="21"/>
        <line num="196" type="stmt" count="8"/>
        <line num="197" type="stmt" count="8"/>
        <line num="198" type="stmt" count="8"/>
        <line num="200" type="stmt" count="8"/>
        <line num="201" type="stmt" count="8"/>
        <line num="202" type="stmt" count="8"/>
        <line num="203" type="stmt" count="3"/>
        <line num="204" type="stmt" count="8"/>
        <line num="205" type="stmt" count="1"/>
        <line num="206" type="stmt" count="1"/>
        <line num="207" type="stmt" count="1"/>
        <line num="210" type="stmt" count="8"/>
        <line num="214" type="stmt" count="8"/>
        <line num="215" type="stmt" count="7"/>
        <line num="216" type="stmt" count="7"/>
        <line num="217" type="stmt" count="5"/>
        <line num="219" type="stmt" count="7"/>
        <line num="222" type="stmt" count="8"/>
        <line num="225" type="stmt" count="21"/>
        <line num="226" type="stmt" count="21"/>
        <line num="230" type="stmt" count="32"/>
        <line num="232" type="stmt" count="32"/>
        <line num="233" type="stmt" count="15"/>
        <line num="234" type="stmt" count="15"/>
        <line num="235" type="stmt" count="15"/>
        <line num="236" type="stmt" count="15"/>
        <line num="239" type="stmt" count="32"/>
        <metrics loc="242" ncloc="222" classes="1" methods="3" coveredmethods="1" conditionals="0" coveredconditionals="0" statements="129" coveredstatements="125" elements="132" coveredelements="126"/>
      </file>
    </package>
    <package name="vardumper\IbexaAutomaticMigrationsBundle">
      <file name="/home/erik-poehler/Sites/IbexaAutomaticMigrationsBundle/src/IbexaAutomaticMigrationsBundle.php">
        <class name="vardumper\IbexaAutomaticMigrationsBundle\IbexaAutomaticMigrationsBundle" namespace="vardumper\IbexaAutomaticMigrationsBundle">
          <metrics complexity="2" methods="2" coveredmethods="2" conditionals="0" coveredconditionals="0" statements="8" coveredstatements="8" elements="10" coveredelements="10"/>
        </class>
        <line num="13" type="method" name="getPath" visibility="public" complexity="1" crap="1" count="3"/>
        <line num="15" type="stmt" count="3"/>
        <line num="18" type="method" name="build" visibility="public" complexity="1" crap="1" count="2"/>
        <line num="20" type="stmt" count="2"/>
        <line num="21" type="stmt" count="2"/>
        <line num="24" type="stmt" count="2"/>
        <line num="25" type="stmt" count="2"/>
        <line num="26" type="stmt" count="2"/>
        <line num="27" type="stmt" count="2"/>
        <line num="28" type="stmt" count="2"/>
        <metrics loc="31" ncloc="30" classes="1" methods="2" coveredmethods="2" conditionals="0" coveredconditionals="0" statements="8" coveredstatements="8" elements="10" coveredelements="10"/>
      </file>
    </package>
    <file name="/home/erik-poehler/Sites/IbexaAutomaticMigrationsBundle/src/Process/MigrationRunnerInterface.php">
      <metrics loc="22" ncloc="17" classes="0" methods="0" coveredmethods="0" conditionals="0" coveredconditionals="0" statements="0" coveredstatements="0" elements="0" coveredelements="0"/>
    </file>
    <package name="vardumper\IbexaAutomaticMigrationsBundle\Process">
      <file name="/home/erik-poehler/Sites/IbexaAutomaticMigrationsBundle/src/Process/SymfonyProcessRunner.php">
        <class name="vardumper\IbexaAutomaticMigrationsBundle\Process\SymfonyProcessRunner" namespace="vardumper\IbexaAutomaticMigrationsBundle\Process">
          <metrics complexity="4" methods="4" coveredmethods="4" conditionals="0" coveredconditionals="0" statements="5" coveredstatements="5" elements="9" coveredelements="9"/>
        </class>
        <line num="13" type="method" name="run" visibility="public" complexity="1" crap="1" count="34"/>
        <line num="15" type="stmt" count="34"/>
        <line num="16" type="stmt" count="34"/>
        <line num="19" type="method" name="getExitCode" visibility="public" complexity="1" crap="1" count="34"/>
        <line num="21" type="stmt" count="34"/>
        <line num="24" type="method" name="getOutput" visibility="public" complexity="1" crap="1" count="34"/>
        <line num="26" type="stmt" count="34"/>
        <line num="29" type="method" name="getErrorOutput" visibility="public" complexity="1" crap="1" count="34"/>
        <line num="31" type="stmt" count="34"/>
        <metrics loc="34" ncloc="34" classes="1" methods="4" coveredmethods="4" conditionals="0" coveredconditionals="0" statements="5" coveredstatements="5" elements="9" coveredelements="9"/>
      </file>
    </package>
    <package name="vardumper\IbexaAutomaticMigrationsBundle\Service">
      <file name="/home/erik-poehler/Sites/IbexaAutomaticMigrationsBundle/src/Service/MigrationModeDeterminer.php">
        <class name="vardumper\IbexaAutomaticMigrationsBundle\Service\MigrationModeDeterminer" namespace="vardumper\IbexaAutomaticMigrationsBundle\Service">
          <metrics complexity="9" methods="1" coveredmethods="0" conditionals="0" coveredconditionals="0" statements="16" coveredstatements="15" elements="17" coveredelements="15"/>
        </class>
        <line num="18" type="method" name="determineCreateOrUpdateMode" visibility="public" complexity="9" crap="9.02" count="10"/>
        <line num="20" type="stmt" count="10"/>
        <line num="21" type="stmt" count="10"/>
        <line num="22" type="stmt" count="7"/>
        <line num="23" type="stmt" count="3"/>
        <line num="24" type="stmt" count="2"/>
        <line num="27" type="stmt" count="10"/>
        <line num="28" type="stmt" count="1"/>
        <line num="32" type="stmt" count="9"/>
        <line num="34" type="stmt" count="7"/>
        <line num="35" type="stmt" count="6"/>
        <line num="36" type="stmt" count="1"/>
        <line num="38" type="stmt" count="1"/>
        <line num="44" type="stmt" count="2"/>
        <line num="47" type="stmt" count="2"/>
        <line num="49" type="stmt" count="0"/>
        <line num="53" type="stmt" count="1"/>
        <metrics loc="56" ncloc="41" classes="1" methods="1" coveredmethods="0" conditionals="0" coveredconditionals="0" statements="16" coveredstatements="15" elements="17" coveredelements="15"/>
      </file>
      <file name="/home/erik-poehler/Sites/IbexaAutomaticMigrationsBundle/src/Service/SettingsService.php">
        <class name="vardumper\IbexaAutomaticMigrationsBundle\Service\SettingsService" namespace="vardumper\IbexaAutomaticMigrationsBundle\Service">
          <metrics complexity="7" methods="5" coveredmethods="5" conditionals="0" coveredconditionals="0" statements="19" coveredstatements="19" elements="24" coveredelements="24"/>
        </class>
        <line num="15" type="method" name="__construct" visibility="public" complexity="1" crap="1" count="166"/>
        <line num="21" type="stmt" count="166"/>
        <line num="24" type="method" name="getSettings" visibility="public" complexity="2" crap="2" count="102"/>
        <line num="26" type="stmt" count="102"/>
        <line num="27" type="stmt" count="98"/>
        <line num="28" type="stmt" count="98"/>
        <line num="29" type="stmt" count="98"/>
        <line num="30" type="stmt" count="98"/>
        <line num="33" type="stmt" count="4"/>
        <line num="35" type="stmt" count="4"/>
        <line num="36" type="stmt" count="4"/>
        <line num="37" type="stmt" count="4"/>
        <line num="38" type="stmt" count="4"/>
        <line num="41" type="method" name="saveSettings" visibility="public" complexity="1" crap="1" count="2"/>
        <line num="43" type="stmt" count="2"/>
        <line num="44" type="stmt" count="2"/>
        <line num="47" type="method" name="isEnabled" visibility="public" complexity="2" crap="2" count="101"/>
        <line num="50" type="stmt" count="101"/>
        <line num="51" type="stmt" count="101"/>
        <line num="52" type="stmt" count="8"/>
        <line num="54" type="stmt" count="93"/>
        <line num="57" type="method" name="isTypeEnabled" visibility="public" complexity="1" crap="1" count="95"/>
        <line num="59" type="stmt" count="95"/>
        <line num="61" type="stmt" count="95"/>
        <metrics loc="64" ncloc="63" classes="1" methods="5" coveredmethods="5" conditionals="0" coveredconditionals="0" statements="19" coveredstatements="19" elements="24" coveredelements="24"/>
      </file>
    </package>
    <metrics files="21" loc="3767" ncloc="3607" classes="20" methods="84" coveredmethods="35" conditionals="0" coveredconditionals="0" statements="2066" coveredstatements="1463" elements="2150" coveredelements="1498"/>
  </project>
</coverage>
